  [1m[35m (3.8ms)[0m  [1m[34mSELECT sqlite_version(*)[0m
  [1m[35m (1.5ms)[0m  [1m[35mCREATE TABLE "schema_migrations" ("version" varchar NOT NULL PRIMARY KEY)[0m
  [1m[35m (1.2ms)[0m  [1m[35mCREATE TABLE "ar_internal_metadata" ("key" varchar NOT NULL PRIMARY KEY, "value" varchar, "created_at" datetime(6) NOT NULL, "updated_at" datetime(6) NOT NULL)[0m
  [1m[35m (0.3ms)[0m  [1m[34mSELECT "schema_migrations"."version" FROM "schema_migrations" ORDER BY "schema_migrations"."version" ASC[0m
Migrating to CreateMovies (20201021144544)
  [1m[35m (0.1ms)[0m  [1m[36mbegin transaction[0m
  [1m[35m (0.7ms)[0m  [1m[35mCREATE TABLE "movies" ("id" integer PRIMARY KEY AUTOINCREMENT NOT NULL, "name" varchar, "year" integer, "genre" varchar, "synopsis" text, "director" varchar, "allocine_rating" float, "my_rating" integer, "already_seen" boolean, "created_at" datetime(6) NOT NULL, "updated_at" datetime(6) NOT NULL)[0m
  [1m[36mprimary::SchemaMigration Create (0.3ms)[0m  [1m[32mINSERT INTO "schema_migrations" ("version") VALUES (?)[0m  [["version", "20201021144544"]]
  [1m[35m (2.2ms)[0m  [1m[36mcommit transaction[0m
  [1m[36mActiveRecord::InternalMetadata Load (0.2ms)[0m  [1m[34mSELECT "ar_internal_metadata".* FROM "ar_internal_metadata" WHERE "ar_internal_metadata"."key" = ? LIMIT ?[0m  [["key", "environment"], ["LIMIT", 1]]
  [1m[35m (0.1ms)[0m  [1m[36mbegin transaction[0m
  [1m[36mActiveRecord::InternalMetadata Create (0.5ms)[0m  [1m[32mINSERT INTO "ar_internal_metadata" ("key", "value", "created_at", "updated_at") VALUES (?, ?, ?, ?)[0m  [["key", "environment"], ["value", "development"], ["created_at", "2020-10-21 14:56:06.053531"], ["updated_at", "2020-10-21 14:56:06.053531"]]
  [1m[35m (0.9ms)[0m  [1m[36mcommit transaction[0m
  [1m[35m (0.1ms)[0m  [1m[34mSELECT sqlite_version(*)[0m
  [1m[35m (0.2ms)[0m  [1m[34mSELECT "schema_migrations"."version" FROM "schema_migrations" ORDER BY "schema_migrations"."version" ASC[0m
  [1m[35m (0.4ms)[0m  [1m[34mSELECT sqlite_version(*)[0m
  [1m[35m (0.1ms)[0m  [1m[34mSELECT "schema_migrations"."version" FROM "schema_migrations" ORDER BY "schema_migrations"."version" ASC[0m
  [1m[35m (0.5ms)[0m  [1m[34mSELECT sqlite_version(*)[0m
  [1m[35m (0.2ms)[0m  [1m[36mbegin transaction[0m
  [1m[36mMovie Create (1.4ms)[0m  [1m[32mINSERT INTO "movies" ("name", "year", "genre", "synopsis", "director", "allocine_rating", "already_seen", "created_at", "updated_at") VALUES (?, ?, ?, ?, ?, ?, ?, ?, ?)[0m  [["name", "Boewulf"], ["year", 1999], ["genre", "fantastique"], ["synopsis", "a Terre a traverse de nombreuses crises et cataclysmes. Les hommes vivent dans la peur et dans l'obscurite car les tenebres voilent desormais la lumiere du soleil. Dans cet univers hostile, erre un homme maudit et solitaire, Beowulf, fruit des amours interdites d'une mortelle avec le diable. Pour vaincre le monstre qui est en lui, Beowulf doit combattre le mal. Son plus redoutable adversaire est une creature tapie dans les combles d'une forteresse. Invincible, d'une sauvagerie sans nom, elle tue quotidiennement puis disparait des l'aube."], ["director", "G. Baker"], ["allocine_rating", 1.2], ["already_seen", 0], ["created_at", "2020-10-21 15:03:30.474394"], ["updated_at", "2020-10-21 15:03:30.474394"]]
  [1m[35m (1.1ms)[0m  [1m[36mcommit transaction[0m
  [1m[36mMovie Load (0.3ms)[0m  [1m[34mSELECT "movies".* FROM "movies" LIMIT ?[0m  [["LIMIT", 11]]
  [1m[35m (0.1ms)[0m  [1m[36mbegin transaction[0m
  [1m[36mMovie Create (0.6ms)[0m  [1m[32mINSERT INTO "movies" ("name", "year", "genre", "synopsis", "director", "allocine_rating", "already_seen", "created_at", "updated_at") VALUES (?, ?, ?, ?, ?, ?, ?, ?, ?)[0m  [["name", "l'exorciste"], ["year", 2001], ["genre", "horreur"], ["synopsis", "L'actrice Chris McNeil est inquiète au sujet de sa fillette Regan : après que l'on ait entendu des bruits curieux venant de sa chambre, la petite a changé, proférant de constantes insanités. Une force para-normale l'habite, qui coûte la vie au metteur en scène de Chris. Désespérée, cette dernière fait appel à deux exorcistes..."], ["director", "W. Friedkin"], ["allocine_rating", 3.9], ["already_seen", 0], ["created_at", "2020-10-21 15:07:52.447303"], ["updated_at", "2020-10-21 15:07:52.447303"]]
  [1m[35m (1.1ms)[0m  [1m[36mcommit transaction[0m
  [1m[35m (0.1ms)[0m  [1m[36mbegin transaction[0m
  [1m[36mMovie Create (0.5ms)[0m  [1m[32mINSERT INTO "movies" ("name", "year", "genre", "synopsis", "director", "allocine_rating", "my_rating", "already_seen", "created_at", "updated_at") VALUES (?, ?, ?, ?, ?, ?, ?, ?, ?, ?)[0m  [["name", "oss 117"], ["year", 2006], ["genre", "comédie"], ["synopsis", "Tout le monde se méfie de tout le monde, tout le monde complote contre tout le monde : Anglais, Français, Soviétiques, la famille du Roi déchu Farouk qui veut retrouver son trône, les Aigles de Kheops, secte religieuse qui veut prendre le pouvoir. Le Président de la République Française, Monsieur René Coty, envoie son arme maîtresse mettre de l'ordre dans cette pétaudière au bord du chaos : Hubert Bonisseur de la Bath, dit OSS 117."], ["director", "M. HAZANAVICIUS"], ["allocine_rating", 3.8], ["my_rating", 5], ["already_seen", 1], ["created_at", "2020-10-21 15:10:04.623866"], ["updated_at", "2020-10-21 15:10:04.623866"]]
  [1m[35m (0.9ms)[0m  [1m[36mcommit transaction[0m
  [1m[35m (0.1ms)[0m  [1m[36mbegin transaction[0m
  [1m[36mMovie Create (0.8ms)[0m  [1m[32mINSERT INTO "movies" ("name", "year", "genre", "synopsis", "director", "allocine_rating", "my_rating", "already_seen", "created_at", "updated_at") VALUES (?, ?, ?, ?, ?, ?, ?, ?, ?, ?)[0m  [["name", "shrek"], ["year", 2003], ["genre", "dessin animé"], ["synopsis", "c'est cool tkt"], ["director", "who knows"], ["allocine_rating", 5.0], ["my_rating", 4], ["already_seen", 1], ["created_at", "2020-10-21 15:12:23.267600"], ["updated_at", "2020-10-21 15:12:23.267600"]]
  [1m[35m (2.3ms)[0m  [1m[36mcommit transaction[0m
  [1m[36mMovie Load (0.3ms)[0m  [1m[34mSELECT "movies".* FROM "movies"[0m
  [1m[36mMovie Load (0.3ms)[0m  [1m[34mSELECT "movies".* FROM "movies" WHERE "movies"."id" = ? LIMIT ?[0m  [["id", 1], ["LIMIT", 1]]
  [1m[36mMovie Load (0.3ms)[0m  [1m[34mSELECT "movies".* FROM "movies"[0m
  [1m[36mMovie Load (0.2ms)[0m  [1m[34mSELECT "movies".* FROM "movies" WHERE "movies"."id" = ? LIMIT ?[0m  [["id", 1], ["LIMIT", 1]]
  [1m[35m (0.1ms)[0m  [1m[36mbegin transaction[0m
  [1m[36mMovie Update (0.6ms)[0m  [1m[33mUPDATE "movies" SET "allocine_rating" = ?, "updated_at" = ? WHERE "movies"."id" = ?[0m  [["allocine_rating", 4.7], ["updated_at", "2020-10-21 15:24:20.531000"], ["id", 1]]
  [1m[35m (1.2ms)[0m  [1m[36mcommit transaction[0m
  [1m[36mMovie Load (0.3ms)[0m  [1m[34mSELECT "movies".* FROM "movies"[0m
  [1m[36mMovie Load (0.2ms)[0m  [1m[34mSELECT "movies".* FROM "movies" WHERE "movies"."id" = ? LIMIT ?[0m  [["id", 2], ["LIMIT", 1]]
  [1m[35m (0.1ms)[0m  [1m[36mbegin transaction[0m
  [1m[36mMovie Update (1.4ms)[0m  [1m[33mUPDATE "movies" SET "genre" = ?, "updated_at" = ? WHERE "movies"."id" = ?[0m  [["genre", "comédie"], ["updated_at", "2020-10-21 15:25:11.448812"], ["id", 2]]
  [1m[35m (2.4ms)[0m  [1m[36mcommit transaction[0m
  [1m[36mMovie Load (0.3ms)[0m  [1m[34mSELECT "movies".* FROM "movies" WHERE "movies"."id" = ? LIMIT ?[0m  [["id", 2], ["LIMIT", 1]]
  [1m[36mMovie Load (0.2ms)[0m  [1m[34mSELECT "movies".* FROM "movies"[0m
  [1m[36mMovie Load (0.3ms)[0m  [1m[34mSELECT "movies".* FROM "movies" WHERE "movies"."already_seen" = ? LIMIT ?[0m  [["already_seen", 1], ["LIMIT", 11]]
  [1m[36mMovie Load (0.4ms)[0m  [1m[34mSELECT "movies".* FROM "movies" WHERE "movies"."already_seen" = ? ORDER BY "movies"."id" ASC LIMIT ?[0m  [["already_seen", 1], ["LIMIT", 1]]
  [1m[35m (0.1ms)[0m  [1m[36mbegin transaction[0m
  [1m[36mMovie Destroy (0.9ms)[0m  [1m[31mDELETE FROM "movies" WHERE "movies"."id" = ?[0m  [["id", 3]]
  [1m[35m (2.2ms)[0m  [1m[36mcommit transaction[0m
  [1m[36mMovie Load (0.3ms)[0m  [1m[34mSELECT "movies".* FROM "movies"[0m
  [1m[35m (4.5ms)[0m  [1m[34mSELECT sqlite_version(*)[0m
  [1m[36mMovie Load (0.8ms)[0m  [1m[34mSELECT "movies".* FROM "movies"[0m
  [1m[35m (1.7ms)[0m  [1m[34mSELECT sqlite_version(*)[0m
  [1m[35m (1.0ms)[0m  [1m[34mSELECT "schema_migrations"."version" FROM "schema_migrations" ORDER BY "schema_migrations"."version" ASC[0m
  [1m[35m (1.2ms)[0m  [1m[34mSELECT sqlite_version(*)[0m
  [1m[35m (0.8ms)[0m  [1m[34mSELECT "schema_migrations"."version" FROM "schema_migrations" ORDER BY "schema_migrations"."version" ASC[0m
  [1m[35m (0.4ms)[0m  [1m[34mSELECT sqlite_version(*)[0m
  [1m[35m (0.1ms)[0m  [1m[34mSELECT "schema_migrations"."version" FROM "schema_migrations" ORDER BY "schema_migrations"."version" ASC[0m
  [1m[35m (0.0ms)[0m  [1m[34mSELECT sqlite_version(*)[0m
  [1m[35m (0.1ms)[0m  [1m[36mbegin transaction[0m
  [1m[36mMovie Create (3.4ms)[0m  [1m[32mINSERT INTO "movies" ("name", "year", "genre", "synopsis", "director", "allocine_rating", "already_seen", "created_at", "updated_at") VALUES (?, ?, ?, ?, ?, ?, ?, ?, ?)[0m  [["name", "It Happened One Night"], ["year", 1917], ["genre", "action"], ["synopsis", "Sint fuga eos nesciunt incidunt sit iste sapiente est officia."], ["director", "Ollie Walsh"], ["allocine_rating", 1.4], ["already_seen", 0], ["created_at", "2020-10-21 15:57:21.505197"], ["updated_at", "2020-10-21 15:57:21.505197"]]
  [1m[35m (1.2ms)[0m  [1m[36mcommit transaction[0m
  [1m[35m (0.1ms)[0m  [1m[36mbegin transaction[0m
  [1m[36mMovie Create (0.4ms)[0m  [1m[32mINSERT INTO "movies" ("name", "year", "genre", "synopsis", "director", "allocine_rating", "already_seen", "created_at", "updated_at") VALUES (?, ?, ?, ?, ?, ?, ?, ?, ?)[0m  [["name", "Dog Day Afternoon"], ["year", 1996], ["genre", "horreur"], ["synopsis", "Quaerat ipsum cum quibusdam debitis voluptate enim et sed ipsam."], ["director", "Yee O'Conner"], ["allocine_rating", 3.0], ["already_seen", 0], ["created_at", "2020-10-21 15:57:21.514965"], ["updated_at", "2020-10-21 15:57:21.514965"]]
  [1m[35m (0.7ms)[0m  [1m[36mcommit transaction[0m
  [1m[35m (0.0ms)[0m  [1m[36mbegin transaction[0m
  [1m[36mMovie Create (0.4ms)[0m  [1m[32mINSERT INTO "movies" ("name", "year", "genre", "synopsis", "director", "allocine_rating", "already_seen", "created_at", "updated_at") VALUES (?, ?, ?, ?, ?, ?, ?, ?, ?)[0m  [["name", "The Deer Hunter"], ["year", 1961], ["genre", "comédie"], ["synopsis", "Cupiditate dolore esse reiciendis ut dolores sequi accusantium harum aut."], ["director", "Tish Steuber"], ["allocine_rating", 2.1], ["already_seen", 0], ["created_at", "2020-10-21 15:57:21.520675"], ["updated_at", "2020-10-21 15:57:21.520675"]]
  [1m[35m (0.9ms)[0m  [1m[36mcommit transaction[0m
  [1m[35m (0.0ms)[0m  [1m[36mbegin transaction[0m
  [1m[36mMovie Create (0.4ms)[0m  [1m[32mINSERT INTO "movies" ("name", "year", "genre", "synopsis", "director", "allocine_rating", "already_seen", "created_at", "updated_at") VALUES (?, ?, ?, ?, ?, ?, ?, ?, ?)[0m  [["name", "Mr. Smith Goes to Washington"], ["year", 1995], ["genre", "action"], ["synopsis", "Doloribus excepturi itaque aut qui dolor consequatur minima provident explicabo."], ["director", "Kandice Romaguera"], ["allocine_rating", 0.0], ["already_seen", 0], ["created_at", "2020-10-21 15:57:21.526989"], ["updated_at", "2020-10-21 15:57:21.526989"]]
  [1m[35m (1.0ms)[0m  [1m[36mcommit transaction[0m
  [1m[35m (0.0ms)[0m  [1m[36mbegin transaction[0m
  [1m[36mMovie Create (0.5ms)[0m  [1m[32mINSERT INTO "movies" ("name", "year", "genre", "synopsis", "director", "allocine_rating", "already_seen", "created_at", "updated_at") VALUES (?, ?, ?, ?, ?, ?, ?, ?, ?)[0m  [["name", "The General"], ["year", 1923], ["genre", "drame"], ["synopsis", "Enim aut sit adipisci tenetur eos dolor accusantium optio voluptas."], ["director", "Elicia Dicki Esq."], ["allocine_rating", 2.5], ["already_seen", 0], ["created_at", "2020-10-21 15:57:21.533026"], ["updated_at", "2020-10-21 15:57:21.533026"]]
  [1m[35m (1.1ms)[0m  [1m[36mcommit transaction[0m
  [1m[35m (0.1ms)[0m  [1m[36mbegin transaction[0m
  [1m[36mMovie Create (0.4ms)[0m  [1m[32mINSERT INTO "movies" ("name", "year", "genre", "synopsis", "director", "allocine_rating", "already_seen", "created_at", "updated_at") VALUES (?, ?, ?, ?, ?, ?, ?, ?, ?)[0m  [["name", "Stand by Me"], ["year", 1978], ["genre", "drame"], ["synopsis", "Ut in ipsa quae nulla non architecto a cupiditate est."], ["director", "Herminia McClure"], ["allocine_rating", 2.3], ["already_seen", 0], ["created_at", "2020-10-21 15:57:21.539719"], ["updated_at", "2020-10-21 15:57:21.539719"]]
  [1m[35m (0.9ms)[0m  [1m[36mcommit transaction[0m
  [1m[35m (0.1ms)[0m  [1m[36mbegin transaction[0m
  [1m[36mMovie Create (0.5ms)[0m  [1m[32mINSERT INTO "movies" ("name", "year", "genre", "synopsis", "director", "allocine_rating", "already_seen", "created_at", "updated_at") VALUES (?, ?, ?, ?, ?, ?, ?, ?, ?)[0m  [["name", "The Lion King"], ["year", 1994], ["genre", "action"], ["synopsis", "Magnam quas provident itaque sit porro eum quibusdam nostrum rerum."], ["director", "Tracie Bergnaum"], ["allocine_rating", 0.7], ["already_seen", 0], ["created_at", "2020-10-21 15:57:21.546110"], ["updated_at", "2020-10-21 15:57:21.546110"]]
  [1m[35m (0.9ms)[0m  [1m[36mcommit transaction[0m
  [1m[35m (0.1ms)[0m  [1m[36mbegin transaction[0m
  [1m[36mMovie Create (0.7ms)[0m  [1m[32mINSERT INTO "movies" ("name", "year", "genre", "synopsis", "director", "allocine_rating", "already_seen", "created_at", "updated_at") VALUES (?, ?, ?, ?, ?, ?, ?, ?, ?)[0m  [["name", "Twelve Monkeys"], ["year", 1964], ["genre", "action"], ["synopsis", "Sed dicta neque repellat aliquam quos est soluta et doloribus."], ["director", "Royal Farrell"], ["allocine_rating", 1.3], ["already_seen", 0], ["created_at", "2020-10-21 15:57:21.555828"], ["updated_at", "2020-10-21 15:57:21.555828"]]
  [1m[35m (1.1ms)[0m  [1m[36mcommit transaction[0m
  [1m[35m (0.1ms)[0m  [1m[36mbegin transaction[0m
  [1m[36mMovie Create (0.4ms)[0m  [1m[32mINSERT INTO "movies" ("name", "year", "genre", "synopsis", "director", "allocine_rating", "already_seen", "created_at", "updated_at") VALUES (?, ?, ?, ?, ?, ?, ?, ?, ?)[0m  [["name", "In the Name of the Father"], ["year", 1928], ["genre", "horreur"], ["synopsis", "Ut qui autem qui nam non quo ea distinctio consequatur."], ["director", "Kerry Steuber"], ["allocine_rating", 4.5], ["already_seen", 0], ["created_at", "2020-10-21 15:57:21.563495"], ["updated_at", "2020-10-21 15:57:21.563495"]]
  [1m[35m (1.1ms)[0m  [1m[36mcommit transaction[0m
  [1m[35m (0.1ms)[0m  [1m[36mbegin transaction[0m
  [1m[36mMovie Create (0.4ms)[0m  [1m[32mINSERT INTO "movies" ("name", "year", "genre", "synopsis", "director", "allocine_rating", "already_seen", "created_at", "updated_at") VALUES (?, ?, ?, ?, ?, ?, ?, ?, ?)[0m  [["name", "A Beautiful Mind"], ["year", 1960], ["genre", "drame"], ["synopsis", "Quo placeat quaerat optio ipsa est sint aut ad earum."], ["director", "Mrs. Mauricio Mohr"], ["allocine_rating", 1.3], ["already_seen", 0], ["created_at", "2020-10-21 15:57:21.569981"], ["updated_at", "2020-10-21 15:57:21.569981"]]
  [1m[35m (1.0ms)[0m  [1m[36mcommit transaction[0m
  [1m[35m (0.2ms)[0m  [1m[36mbegin transaction[0m
  [1m[36mMovie Create (0.5ms)[0m  [1m[32mINSERT INTO "movies" ("name", "year", "genre", "synopsis", "director", "allocine_rating", "already_seen", "created_at", "updated_at") VALUES (?, ?, ?, ?, ?, ?, ?, ?, ?)[0m  [["name", "Sholay"], ["year", 1906], ["genre", "action"], ["synopsis", "Cupiditate doloremque repudiandae non ut sed eius ut qui quisquam."], ["director", "Edwardo Kuphal"], ["allocine_rating", 3.6], ["already_seen", 0], ["created_at", "2020-10-21 15:57:21.591766"], ["updated_at", "2020-10-21 15:57:21.591766"]]
  [1m[35m (1.6ms)[0m  [1m[36mcommit transaction[0m
  [1m[35m (0.1ms)[0m  [1m[36mbegin transaction[0m
  [1m[36mMovie Create (0.5ms)[0m  [1m[32mINSERT INTO "movies" ("name", "year", "genre", "synopsis", "director", "allocine_rating", "already_seen", "created_at", "updated_at") VALUES (?, ?, ?, ?, ?, ?, ?, ?, ?)[0m  [["name", "Cinema Paradiso"], ["year", 1965], ["genre", "action"], ["synopsis", "Ipsam modi sed accusamus minus quia fugiat velit minima molestiae."], ["director", "Norine Berge"], ["allocine_rating", 2.7], ["already_seen", 0], ["created_at", "2020-10-21 15:57:21.600621"], ["updated_at", "2020-10-21 15:57:21.600621"]]
  [1m[35m (1.1ms)[0m  [1m[36mcommit transaction[0m
  [1m[35m (0.1ms)[0m  [1m[36mbegin transaction[0m
  [1m[36mMovie Create (0.4ms)[0m  [1m[32mINSERT INTO "movies" ("name", "year", "genre", "synopsis", "director", "allocine_rating", "already_seen", "created_at", "updated_at") VALUES (?, ?, ?, ?, ?, ?, ?, ?, ?)[0m  [["name", "Metropolis"], ["year", 1990], ["genre", "comédie"], ["synopsis", "Corporis aut sed qui quia nulla ut laboriosam minima consequatur."], ["director", "Yasuko Dibbert"], ["allocine_rating", 4.8], ["already_seen", 0], ["created_at", "2020-10-21 15:57:21.608813"], ["updated_at", "2020-10-21 15:57:21.608813"]]
  [1m[35m (1.1ms)[0m  [1m[36mcommit transaction[0m
  [1m[35m (0.1ms)[0m  [1m[36mbegin transaction[0m
  [1m[36mMovie Create (0.4ms)[0m  [1m[32mINSERT INTO "movies" ("name", "year", "genre", "synopsis", "director", "allocine_rating", "already_seen", "created_at", "updated_at") VALUES (?, ?, ?, ?, ?, ?, ?, ?, ?)[0m  [["name", "WALL·E"], ["year", 1992], ["genre", "horreur"], ["synopsis", "Qui minus sequi ad in doloribus cumque consectetur consequatur laudantium."], ["director", "Kizzy Koepp"], ["allocine_rating", 4.0], ["already_seen", 0], ["created_at", "2020-10-21 15:57:21.618438"], ["updated_at", "2020-10-21 15:57:21.618438"]]
  [1m[35m (1.1ms)[0m  [1m[36mcommit transaction[0m
  [1m[35m (0.1ms)[0m  [1m[36mbegin transaction[0m
  [1m[36mMovie Create (0.4ms)[0m  [1m[32mINSERT INTO "movies" ("name", "year", "genre", "synopsis", "director", "allocine_rating", "already_seen", "created_at", "updated_at") VALUES (?, ?, ?, ?, ?, ?, ?, ?, ?)[0m  [["name", "Star Wars: Episode IX – The Rise of Skywalker"], ["year", 1951], ["genre", "comédie"], ["synopsis", "Totam dolorem porro consequatur fugit et nobis ut facilis non."], ["director", "Msgr. Susy Cremin"], ["allocine_rating", 3.7], ["already_seen", 0], ["created_at", "2020-10-21 15:57:21.627251"], ["updated_at", "2020-10-21 15:57:21.627251"]]
  [1m[35m (1.0ms)[0m  [1m[36mcommit transaction[0m
  [1m[35m (0.1ms)[0m  [1m[36mbegin transaction[0m
  [1m[36mMovie Create (0.5ms)[0m  [1m[32mINSERT INTO "movies" ("name", "year", "genre", "synopsis", "director", "allocine_rating", "already_seen", "created_at", "updated_at") VALUES (?, ?, ?, ?, ?, ?, ?, ?, ?)[0m  [["name", "Braveheart"], ["year", 1976], ["genre", "comédie"], ["synopsis", "Saepe itaque sit rerum esse recusandae et sit amet dignissimos."], ["director", "Prof. Trisha Mayer"], ["allocine_rating", 3.8], ["already_seen", 0], ["created_at", "2020-10-21 15:57:21.637998"], ["updated_at", "2020-10-21 15:57:21.637998"]]
  [1m[35m (1.1ms)[0m  [1m[36mcommit transaction[0m
  [1m[35m (0.1ms)[0m  [1m[36mbegin transaction[0m
  [1m[36mMovie Create (0.5ms)[0m  [1m[32mINSERT INTO "movies" ("name", "year", "genre", "synopsis", "director", "allocine_rating", "already_seen", "created_at", "updated_at") VALUES (?, ?, ?, ?, ?, ?, ?, ?, ?)[0m  [["name", "Hacksaw Ridge"], ["year", 1902], ["genre", "comédie"], ["synopsis", "Explicabo pariatur voluptates ea vel eaque ut in perspiciatis sed."], ["director", "Dr. Mei Stoltenberg"], ["allocine_rating", 2.5], ["already_seen", 0], ["created_at", "2020-10-21 15:57:21.648434"], ["updated_at", "2020-10-21 15:57:21.648434"]]
  [1m[35m (1.3ms)[0m  [1m[36mcommit transaction[0m
  [1m[35m (0.1ms)[0m  [1m[36mbegin transaction[0m
  [1m[36mMovie Create (0.4ms)[0m  [1m[32mINSERT INTO "movies" ("name", "year", "genre", "synopsis", "director", "allocine_rating", "already_seen", "created_at", "updated_at") VALUES (?, ?, ?, ?, ?, ?, ?, ?, ?)[0m  [["name", "The Godfather: Part II"], ["year", 2001], ["genre", "horreur"], ["synopsis", "Aut quia delectus cupiditate molestiae quo nisi iure blanditiis voluptatem."], ["director", "Mr. Franklyn Stroman"], ["allocine_rating", 0.1], ["already_seen", 0], ["created_at", "2020-10-21 15:57:21.658979"], ["updated_at", "2020-10-21 15:57:21.658979"]]
  [1m[35m (1.7ms)[0m  [1m[36mcommit transaction[0m
  [1m[35m (0.1ms)[0m  [1m[36mbegin transaction[0m
  [1m[36mMovie Create (0.7ms)[0m  [1m[32mINSERT INTO "movies" ("name", "year", "genre", "synopsis", "director", "allocine_rating", "already_seen", "created_at", "updated_at") VALUES (?, ?, ?, ?, ?, ?, ?, ?, ?)[0m  [["name", "Star Wars: Episode V - The Empire Strikes Back"], ["year", 1955], ["genre", "horreur"], ["synopsis", "Unde aut necessitatibus molestiae culpa iure iusto totam illum nihil."], ["director", "Irwin Moore Sr."], ["allocine_rating", 0.4], ["already_seen", 0], ["created_at", "2020-10-21 15:57:21.677598"], ["updated_at", "2020-10-21 15:57:21.677598"]]
  [1m[35m (1.1ms)[0m  [1m[36mcommit transaction[0m
  [1m[35m (0.1ms)[0m  [1m[36mbegin transaction[0m
  [1m[36mMovie Create (0.6ms)[0m  [1m[32mINSERT INTO "movies" ("name", "year", "genre", "synopsis", "director", "allocine_rating", "already_seen", "created_at", "updated_at") VALUES (?, ?, ?, ?, ?, ?, ?, ?, ?)[0m  [["name", "Life of Brian"], ["year", 1976], ["genre", "action"], ["synopsis", "Velit eos autem optio sunt consequuntur dolore voluptas aut consequatur."], ["director", "Gregg Rodriguez"], ["allocine_rating", 2.5], ["already_seen", 0], ["created_at", "2020-10-21 15:57:21.691406"], ["updated_at", "2020-10-21 15:57:21.691406"]]
  [1m[35m (1.0ms)[0m  [1m[36mcommit transaction[0m
  [1m[35m (0.1ms)[0m  [1m[36mbegin transaction[0m
  [1m[36mMovie Create (0.4ms)[0m  [1m[32mINSERT INTO "movies" ("name", "year", "genre", "synopsis", "director", "allocine_rating", "already_seen", "created_at", "updated_at") VALUES (?, ?, ?, ?, ?, ?, ?, ?, ?)[0m  [["name", "Gran Torino"], ["year", 1915], ["genre", "drame"], ["synopsis", "Dolorum rerum ducimus enim sint expedita repellendus dolores sit et."], ["director", "Rev. Doyle Bergnaum"], ["allocine_rating", 1.5], ["already_seen", 0], ["created_at", "2020-10-21 15:57:21.706145"], ["updated_at", "2020-10-21 15:57:21.706145"]]
  [1m[35m (0.9ms)[0m  [1m[36mcommit transaction[0m
  [1m[35m (0.0ms)[0m  [1m[36mbegin transaction[0m
  [1m[36mMovie Create (0.4ms)[0m  [1m[32mINSERT INTO "movies" ("name", "year", "genre", "synopsis", "director", "allocine_rating", "already_seen", "created_at", "updated_at") VALUES (?, ?, ?, ?, ?, ?, ?, ?, ?)[0m  [["name", "The Sixth Sense"], ["year", 1985], ["genre", "horreur"], ["synopsis", "Ipsum et aut expedita illum quam qui iure delectus pariatur."], ["director", "Fr. Tran Jaskolski"], ["allocine_rating", 1.6], ["already_seen", 0], ["created_at", "2020-10-21 15:57:21.714572"], ["updated_at", "2020-10-21 15:57:21.714572"]]
  [1m[35m (1.8ms)[0m  [1m[36mcommit transaction[0m
  [1m[35m (0.1ms)[0m  [1m[36mbegin transaction[0m
  [1m[36mMovie Create (0.5ms)[0m  [1m[32mINSERT INTO "movies" ("name", "year", "genre", "synopsis", "director", "allocine_rating", "already_seen", "created_at", "updated_at") VALUES (?, ?, ?, ?, ?, ?, ?, ?, ?)[0m  [["name", "Casino"], ["year", 2016], ["genre", "action"], ["synopsis", "Nihil ut eum odit sit exercitationem recusandae et vitae doloremque."], ["director", "Gov. Eugene Renner"], ["allocine_rating", 1.2], ["already_seen", 0], ["created_at", "2020-10-21 15:57:21.725249"], ["updated_at", "2020-10-21 15:57:21.725249"]]
  [1m[35m (1.0ms)[0m  [1m[36mcommit transaction[0m
  [1m[35m (0.1ms)[0m  [1m[36mbegin transaction[0m
  [1m[36mMovie Create (0.4ms)[0m  [1m[32mINSERT INTO "movies" ("name", "year", "genre", "synopsis", "director", "allocine_rating", "already_seen", "created_at", "updated_at") VALUES (?, ?, ?, ?, ?, ?, ?, ?, ?)[0m  [["name", "Lawrence of Arabia"], ["year", 1997], ["genre", "comédie"], ["synopsis", "Error ullam est quod omnis omnis repellendus deserunt aut voluptas."], ["director", "Darby Wilderman"], ["allocine_rating", 4.6], ["already_seen", 0], ["created_at", "2020-10-21 15:57:21.738714"], ["updated_at", "2020-10-21 15:57:21.738714"]]
  [1m[35m (1.1ms)[0m  [1m[36mcommit transaction[0m
  [1m[35m (0.1ms)[0m  [1m[36mbegin transaction[0m
  [1m[36mMovie Create (0.8ms)[0m  [1m[32mINSERT INTO "movies" ("name", "year", "genre", "synopsis", "director", "allocine_rating", "already_seen", "created_at", "updated_at") VALUES (?, ?, ?, ?, ?, ?, ?, ?, ?)[0m  [["name", "The Pianist"], ["year", 1916], ["genre", "horreur"], ["synopsis", "Esse veritatis ea placeat ipsum modi fuga neque ad eveniet."], ["director", "Franchesca Hirthe"], ["allocine_rating", 1.0], ["already_seen", 0], ["created_at", "2020-10-21 15:57:21.758155"], ["updated_at", "2020-10-21 15:57:21.758155"]]
  [1m[35m (1.1ms)[0m  [1m[36mcommit transaction[0m
  [1m[35m (0.1ms)[0m  [1m[36mbegin transaction[0m
  [1m[36mMovie Create (0.5ms)[0m  [1m[32mINSERT INTO "movies" ("name", "year", "genre", "synopsis", "director", "allocine_rating", "already_seen", "created_at", "updated_at") VALUES (?, ?, ?, ?, ?, ?, ?, ?, ?)[0m  [["name", "Blade Runner 2049"], ["year", 1934], ["genre", "horreur"], ["synopsis", "Ut modi expedita dolores magni iure rerum eum eum ea."], ["director", "Kirk Johnson"], ["allocine_rating", 3.9], ["already_seen", 0], ["created_at", "2020-10-21 15:57:21.793366"], ["updated_at", "2020-10-21 15:57:21.793366"]]
  [1m[35m (1.0ms)[0m  [1m[36mcommit transaction[0m
  [1m[35m (0.1ms)[0m  [1m[36mbegin transaction[0m
  [1m[36mMovie Create (0.6ms)[0m  [1m[32mINSERT INTO "movies" ("name", "year", "genre", "synopsis", "director", "allocine_rating", "already_seen", "created_at", "updated_at") VALUES (?, ?, ?, ?, ?, ?, ?, ?, ?)[0m  [["name", "The Kid"], ["year", 2017], ["genre", "comédie"], ["synopsis", "Mollitia rerum asperiores velit vel est maxime hic et excepturi."], ["director", "Hassie Rowe PhD"], ["allocine_rating", 1.5], ["already_seen", 0], ["created_at", "2020-10-21 15:57:21.801264"], ["updated_at", "2020-10-21 15:57:21.801264"]]
  [1m[35m (1.0ms)[0m  [1m[36mcommit transaction[0m
  [1m[35m (0.1ms)[0m  [1m[36mbegin transaction[0m
  [1m[36mMovie Create (0.7ms)[0m  [1m[32mINSERT INTO "movies" ("name", "year", "genre", "synopsis", "director", "allocine_rating", "already_seen", "created_at", "updated_at") VALUES (?, ?, ?, ?, ?, ?, ?, ?, ?)[0m  [["name", "Goodfellas"], ["year", 2009], ["genre", "action"], ["synopsis", "Nostrum eveniet consequatur et et quia nihil mollitia aut necessitatibus."], ["director", "William Prosacco"], ["allocine_rating", 0.1], ["already_seen", 0], ["created_at", "2020-10-21 15:57:21.809484"], ["updated_at", "2020-10-21 15:57:21.809484"]]
  [1m[35m (0.9ms)[0m  [1m[36mcommit transaction[0m
  [1m[35m (0.2ms)[0m  [1m[36mbegin transaction[0m
  [1m[36mMovie Create (0.7ms)[0m  [1m[32mINSERT INTO "movies" ("name", "year", "genre", "synopsis", "director", "allocine_rating", "already_seen", "created_at", "updated_at") VALUES (?, ?, ?, ?, ?, ?, ?, ?, ?)[0m  [["name", "The Lord of the Rings: The Return of the King"], ["year", 1901], ["genre", "comédie"], ["synopsis", "Veritatis nulla aut atque velit adipisci facilis nisi qui maxime."], ["director", "Kris Haag"], ["allocine_rating", 3.9], ["already_seen", 0], ["created_at", "2020-10-21 15:57:21.820905"], ["updated_at", "2020-10-21 15:57:21.820905"]]
  [1m[35m (1.0ms)[0m  [1m[36mcommit transaction[0m
  [1m[35m (0.1ms)[0m  [1m[36mbegin transaction[0m
  [1m[36mMovie Create (0.4ms)[0m  [1m[32mINSERT INTO "movies" ("name", "year", "genre", "synopsis", "director", "allocine_rating", "already_seen", "created_at", "updated_at") VALUES (?, ?, ?, ?, ?, ?, ?, ?, ?)[0m  [["name", "Spirited Away"], ["year", 1910], ["genre", "action"], ["synopsis", "Dolor facilis harum dicta ullam non libero et placeat praesentium."], ["director", "Carita O'Hara VM"], ["allocine_rating", 1.0], ["already_seen", 0], ["created_at", "2020-10-21 15:57:21.830720"], ["updated_at", "2020-10-21 15:57:21.830720"]]
  [1m[35m (2.0ms)[0m  [1m[36mcommit transaction[0m
  [1m[35m (0.1ms)[0m  [1m[36mbegin transaction[0m
  [1m[36mMovie Create (0.4ms)[0m  [1m[32mINSERT INTO "movies" ("name", "year", "genre", "synopsis", "director", "allocine_rating", "already_seen", "created_at", "updated_at") VALUES (?, ?, ?, ?, ?, ?, ?, ?, ?)[0m  [["name", "A Wednesday"], ["year", 1941], ["genre", "horreur"], ["synopsis", "Explicabo enim error accusantium ducimus aut tempore et necessitatibus dolor."], ["director", "Laurice Murazik"], ["allocine_rating", 2.3], ["already_seen", 0], ["created_at", "2020-10-21 15:57:21.840413"], ["updated_at", "2020-10-21 15:57:21.840413"]]
  [1m[35m (1.0ms)[0m  [1m[36mcommit transaction[0m
  [1m[35m (0.1ms)[0m  [1m[36mbegin transaction[0m
  [1m[36mMovie Create (0.4ms)[0m  [1m[32mINSERT INTO "movies" ("name", "year", "genre", "synopsis", "director", "allocine_rating", "already_seen", "created_at", "updated_at") VALUES (?, ?, ?, ?, ?, ?, ?, ?, ?)[0m  [["name", "The Truman Show"], ["year", 2013], ["genre", "action"], ["synopsis", "Unde quis repellat quidem vero eum corrupti laudantium ut repudiandae."], ["director", "Kenneth Treutel PhD"], ["allocine_rating", 3.8], ["already_seen", 0], ["created_at", "2020-10-21 15:57:21.848539"], ["updated_at", "2020-10-21 15:57:21.848539"]]
  [1m[35m (1.3ms)[0m  [1m[36mcommit transaction[0m
  [1m[35m (0.1ms)[0m  [1m[36mbegin transaction[0m
  [1m[36mMovie Create (0.4ms)[0m  [1m[32mINSERT INTO "movies" ("name", "year", "genre", "synopsis", "director", "allocine_rating", "already_seen", "created_at", "updated_at") VALUES (?, ?, ?, ?, ?, ?, ?, ?, ?)[0m  [["name", "Star Wars: Episode V - The Empire Strikes Back"], ["year", 1926], ["genre", "action"], ["synopsis", "Rem voluptas occaecati inventore illo exercitationem consequatur veniam facilis totam."], ["director", "Aldo Hills"], ["allocine_rating", 3.6], ["already_seen", 0], ["created_at", "2020-10-21 15:57:21.857377"], ["updated_at", "2020-10-21 15:57:21.857377"]]
  [1m[35m (1.1ms)[0m  [1m[36mcommit transaction[0m
  [1m[35m (0.0ms)[0m  [1m[36mbegin transaction[0m
  [1m[36mMovie Create (0.5ms)[0m  [1m[32mINSERT INTO "movies" ("name", "year", "genre", "synopsis", "director", "allocine_rating", "already_seen", "created_at", "updated_at") VALUES (?, ?, ?, ?, ?, ?, ?, ?, ?)[0m  [["name", "Stalker"], ["year", 2013], ["genre", "drame"], ["synopsis", "Sint ea facere non repellendus sed assumenda corporis esse voluptas."], ["director", "Raelene Crona"], ["allocine_rating", 2.0], ["already_seen", 0], ["created_at", "2020-10-21 15:57:21.864111"], ["updated_at", "2020-10-21 15:57:21.864111"]]
  [1m[35m (0.8ms)[0m  [1m[36mcommit transaction[0m
  [1m[35m (0.1ms)[0m  [1m[36mbegin transaction[0m
  [1m[36mMovie Create (0.5ms)[0m  [1m[32mINSERT INTO "movies" ("name", "year", "genre", "synopsis", "director", "allocine_rating", "already_seen", "created_at", "updated_at") VALUES (?, ?, ?, ?, ?, ?, ?, ?, ?)[0m  [["name", "The Shawshank Redemption"], ["year", 1988], ["genre", "drame"], ["synopsis", "Iste sit nemo veniam ut molestiae nesciunt velit suscipit pariatur."], ["director", "Dr. Amalia Boyle"], ["allocine_rating", 1.4], ["already_seen", 0], ["created_at", "2020-10-21 15:57:21.872679"], ["updated_at", "2020-10-21 15:57:21.872679"]]
  [1m[35m (0.7ms)[0m  [1m[36mcommit transaction[0m
  [1m[35m (0.0ms)[0m  [1m[36mbegin transaction[0m
  [1m[36mMovie Create (0.4ms)[0m  [1m[32mINSERT INTO "movies" ("name", "year", "genre", "synopsis", "director", "allocine_rating", "already_seen", "created_at", "updated_at") VALUES (?, ?, ?, ?, ?, ?, ?, ?, ?)[0m  [["name", "Blade Runner 2049"], ["year", 1907], ["genre", "comédie"], ["synopsis", "Rerum est id quod ex eaque quas labore fuga exercitationem."], ["director", "Ilana Hamill"], ["allocine_rating", 3.5], ["already_seen", 0], ["created_at", "2020-10-21 15:57:21.879803"], ["updated_at", "2020-10-21 15:57:21.879803"]]
  [1m[35m (0.9ms)[0m  [1m[36mcommit transaction[0m
  [1m[35m (0.1ms)[0m  [1m[36mbegin transaction[0m
  [1m[36mMovie Create (0.5ms)[0m  [1m[32mINSERT INTO "movies" ("name", "year", "genre", "synopsis", "director", "allocine_rating", "already_seen", "created_at", "updated_at") VALUES (?, ?, ?, ?, ?, ?, ?, ?, ?)[0m  [["name", "How to Train Your Dragon"], ["year", 1957], ["genre", "drame"], ["synopsis", "Deleniti et quis qui rerum ipsum in eos aut dignissimos."], ["director", "Leanne Kemmer"], ["allocine_rating", 1.4], ["already_seen", 0], ["created_at", "2020-10-21 15:57:21.886116"], ["updated_at", "2020-10-21 15:57:21.886116"]]
  [1m[35m (1.1ms)[0m  [1m[36mcommit transaction[0m
  [1m[35m (0.0ms)[0m  [1m[36mbegin transaction[0m
  [1m[36mMovie Create (0.4ms)[0m  [1m[32mINSERT INTO "movies" ("name", "year", "genre", "synopsis", "director", "allocine_rating", "already_seen", "created_at", "updated_at") VALUES (?, ?, ?, ?, ?, ?, ?, ?, ?)[0m  [["name", "Mr. Smith Goes to Washington"], ["year", 1996], ["genre", "comédie"], ["synopsis", "Debitis molestias in dolores deleniti et autem quia perferendis esse."], ["director", "Wilda MacGyver"], ["allocine_rating", 2.4], ["already_seen", 0], ["created_at", "2020-10-21 15:57:21.893254"], ["updated_at", "2020-10-21 15:57:21.893254"]]
  [1m[35m (1.0ms)[0m  [1m[36mcommit transaction[0m
  [1m[35m (0.1ms)[0m  [1m[36mbegin transaction[0m
  [1m[36mMovie Create (0.4ms)[0m  [1m[32mINSERT INTO "movies" ("name", "year", "genre", "synopsis", "director", "allocine_rating", "already_seen", "created_at", "updated_at") VALUES (?, ?, ?, ?, ?, ?, ?, ?, ?)[0m  [["name", "Groundhog Day"], ["year", 2009], ["genre", "comédie"], ["synopsis", "Laborum sunt perferendis nam et accusantium voluptas praesentium ut qui."], ["director", "Pres. Patti Glover"], ["allocine_rating", 5.0], ["already_seen", 0], ["created_at", "2020-10-21 15:57:21.899907"], ["updated_at", "2020-10-21 15:57:21.899907"]]
  [1m[35m (0.9ms)[0m  [1m[36mcommit transaction[0m
  [1m[35m (0.0ms)[0m  [1m[36mbegin transaction[0m
  [1m[36mMovie Create (0.4ms)[0m  [1m[32mINSERT INTO "movies" ("name", "year", "genre", "synopsis", "director", "allocine_rating", "already_seen", "created_at", "updated_at") VALUES (?, ?, ?, ?, ?, ?, ?, ?, ?)[0m  [["name", "The Matrix"], ["year", 1933], ["genre", "horreur"], ["synopsis", "Totam cum quia voluptatem est fugit incidunt et deserunt sed."], ["director", "Anthony Hagenes IV"], ["allocine_rating", 2.6], ["already_seen", 0], ["created_at", "2020-10-21 15:57:21.905963"], ["updated_at", "2020-10-21 15:57:21.905963"]]
  [1m[35m (0.9ms)[0m  [1m[36mcommit transaction[0m
  [1m[35m (0.0ms)[0m  [1m[36mbegin transaction[0m
  [1m[36mMovie Create (0.5ms)[0m  [1m[32mINSERT INTO "movies" ("name", "year", "genre", "synopsis", "director", "allocine_rating", "already_seen", "created_at", "updated_at") VALUES (?, ?, ?, ?, ?, ?, ?, ?, ?)[0m  [["name", "The Bridge on the River Kwai"], ["year", 1932], ["genre", "drame"], ["synopsis", "Error sapiente est similique dolorem qui corrupti non quaerat consequuntur."], ["director", "Theresia Graham II"], ["allocine_rating", 2.0], ["already_seen", 0], ["created_at", "2020-10-21 15:57:21.911765"], ["updated_at", "2020-10-21 15:57:21.911765"]]
  [1m[35m (1.6ms)[0m  [1m[36mcommit transaction[0m
  [1m[35m (0.1ms)[0m  [1m[36mbegin transaction[0m
  [1m[36mMovie Create (0.7ms)[0m  [1m[32mINSERT INTO "movies" ("name", "year", "genre", "synopsis", "director", "allocine_rating", "already_seen", "created_at", "updated_at") VALUES (?, ?, ?, ?, ?, ?, ?, ?, ?)[0m  [["name", "Star Wars: Episode IX – The Rise of Skywalker"], ["year", 1900], ["genre", "drame"], ["synopsis", "Laborum qui ducimus nulla harum et id impedit odio aut."], ["director", "Rosalba Sanford"], ["allocine_rating", 4.4], ["already_seen", 0], ["created_at", "2020-10-21 15:57:21.922547"], ["updated_at", "2020-10-21 15:57:21.922547"]]
  [1m[35m (1.3ms)[0m  [1m[36mcommit transaction[0m
  [1m[35m (0.1ms)[0m  [1m[36mbegin transaction[0m
  [1m[36mMovie Create (0.4ms)[0m  [1m[32mINSERT INTO "movies" ("name", "year", "genre", "synopsis", "director", "allocine_rating", "already_seen", "created_at", "updated_at") VALUES (?, ?, ?, ?, ?, ?, ?, ?, ?)[0m  [["name", "Seven Samurai"], ["year", 1924], ["genre", "comédie"], ["synopsis", "Omnis voluptatem architecto quo praesentium voluptatem quasi animi necessitatibus voluptatem."], ["director", "Alethea Rolfson"], ["allocine_rating", 1.6], ["already_seen", 0], ["created_at", "2020-10-21 15:57:21.932006"], ["updated_at", "2020-10-21 15:57:21.932006"]]
  [1m[35m (1.5ms)[0m  [1m[36mcommit transaction[0m
  [1m[35m (0.1ms)[0m  [1m[36mbegin transaction[0m
  [1m[36mMovie Create (0.4ms)[0m  [1m[32mINSERT INTO "movies" ("name", "year", "genre", "synopsis", "director", "allocine_rating", "already_seen", "created_at", "updated_at") VALUES (?, ?, ?, ?, ?, ?, ?, ?, ?)[0m  [["name", "Toy Story 3"], ["year", 1966], ["genre", "drame"], ["synopsis", "Aspernatur architecto impedit et sequi modi nemo optio sunt voluptas."], ["director", "Mr. Corliss Gislason"], ["allocine_rating", 2.1], ["already_seen", 0], ["created_at", "2020-10-21 15:57:21.941737"], ["updated_at", "2020-10-21 15:57:21.941737"]]
  [1m[35m (0.8ms)[0m  [1m[36mcommit transaction[0m
  [1m[35m (0.1ms)[0m  [1m[36mbegin transaction[0m
  [1m[36mMovie Create (0.4ms)[0m  [1m[32mINSERT INTO "movies" ("name", "year", "genre", "synopsis", "director", "allocine_rating", "already_seen", "created_at", "updated_at") VALUES (?, ?, ?, ?, ?, ?, ?, ?, ?)[0m  [["name", "The Great Escape"], ["year", 1900], ["genre", "comédie"], ["synopsis", "Facere blanditiis et quis qui est quia quo sunt dolorem."], ["director", "Leon Littel"], ["allocine_rating", 2.8], ["already_seen", 0], ["created_at", "2020-10-21 15:57:21.948800"], ["updated_at", "2020-10-21 15:57:21.948800"]]
  [1m[35m (1.1ms)[0m  [1m[36mcommit transaction[0m
  [1m[35m (0.1ms)[0m  [1m[36mbegin transaction[0m
  [1m[36mMovie Create (0.6ms)[0m  [1m[32mINSERT INTO "movies" ("name", "year", "genre", "synopsis", "director", "allocine_rating", "already_seen", "created_at", "updated_at") VALUES (?, ?, ?, ?, ?, ?, ?, ?, ?)[0m  [["name", "Taxi Driver"], ["year", 1989], ["genre", "comédie"], ["synopsis", "Neque veniam enim voluptatem quam eligendi odit velit ut repudiandae."], ["director", "Rae Block"], ["allocine_rating", 0.7], ["already_seen", 0], ["created_at", "2020-10-21 15:57:21.956457"], ["updated_at", "2020-10-21 15:57:21.956457"]]
  [1m[35m (1.0ms)[0m  [1m[36mcommit transaction[0m
  [1m[35m (0.1ms)[0m  [1m[36mbegin transaction[0m
  [1m[36mMovie Create (0.4ms)[0m  [1m[32mINSERT INTO "movies" ("name", "year", "genre", "synopsis", "director", "allocine_rating", "already_seen", "created_at", "updated_at") VALUES (?, ?, ?, ?, ?, ?, ?, ?, ?)[0m  [["name", "Some Like It Hot"], ["year", 1928], ["genre", "action"], ["synopsis", "Eius ut odit adipisci rerum et nihil eos ullam perspiciatis."], ["director", "Florentino Emmerich"], ["allocine_rating", 1.0], ["already_seen", 0], ["created_at", "2020-10-21 15:57:21.964597"], ["updated_at", "2020-10-21 15:57:21.964597"]]
  [1m[35m (1.1ms)[0m  [1m[36mcommit transaction[0m
  [1m[35m (0.2ms)[0m  [1m[36mbegin transaction[0m
  [1m[36mMovie Create (0.6ms)[0m  [1m[32mINSERT INTO "movies" ("name", "year", "genre", "synopsis", "director", "allocine_rating", "already_seen", "created_at", "updated_at") VALUES (?, ?, ?, ?, ?, ?, ?, ?, ?)[0m  [["name", "The Matrix"], ["year", 2011], ["genre", "drame"], ["synopsis", "In voluptate odit voluptas est rerum molestiae sed non aut."], ["director", "Rodrigo Stokes"], ["allocine_rating", 0.2], ["already_seen", 0], ["created_at", "2020-10-21 15:57:21.972938"], ["updated_at", "2020-10-21 15:57:21.972938"]]
  [1m[35m (1.0ms)[0m  [1m[36mcommit transaction[0m
  [1m[35m (0.0ms)[0m  [1m[36mbegin transaction[0m
  [1m[36mMovie Create (0.4ms)[0m  [1m[32mINSERT INTO "movies" ("name", "year", "genre", "synopsis", "director", "allocine_rating", "already_seen", "created_at", "updated_at") VALUES (?, ?, ?, ?, ?, ?, ?, ?, ?)[0m  [["name", "Spirited Away"], ["year", 1956], ["genre", "action"], ["synopsis", "Sit incidunt corrupti non voluptates facilis velit nemo dolor neque."], ["director", "Genny Stroman"], ["allocine_rating", 3.4], ["already_seen", 0], ["created_at", "2020-10-21 15:57:21.980643"], ["updated_at", "2020-10-21 15:57:21.980643"]]
  [1m[35m (0.9ms)[0m  [1m[36mcommit transaction[0m
  [1m[35m (0.1ms)[0m  [1m[36mbegin transaction[0m
  [1m[36mMovie Create (0.6ms)[0m  [1m[32mINSERT INTO "movies" ("name", "year", "genre", "synopsis", "director", "allocine_rating", "already_seen", "created_at", "updated_at") VALUES (?, ?, ?, ?, ?, ?, ?, ?, ?)[0m  [["name", "Dead Poets Society"], ["year", 2002], ["genre", "action"], ["synopsis", "Laborum iste ea enim quia accusantium porro molestiae aliquam cumque."], ["director", "Norene Steuber"], ["allocine_rating", 1.2], ["already_seen", 0], ["created_at", "2020-10-21 15:57:21.987998"], ["updated_at", "2020-10-21 15:57:21.987998"]]
  [1m[35m (1.1ms)[0m  [1m[36mcommit transaction[0m
  [1m[35m (0.1ms)[0m  [1m[36mbegin transaction[0m
  [1m[36mMovie Create (0.4ms)[0m  [1m[32mINSERT INTO "movies" ("name", "year", "genre", "synopsis", "director", "allocine_rating", "already_seen", "created_at", "updated_at") VALUES (?, ?, ?, ?, ?, ?, ?, ?, ?)[0m  [["name", "The Wolf of Wall Street"], ["year", 1948], ["genre", "horreur"], ["synopsis", "Corporis distinctio nihil doloremque explicabo et dolorum eius inventore perspiciatis."], ["director", "Deb Hoeger"], ["allocine_rating", 2.9], ["already_seen", 0], ["created_at", "2020-10-21 15:57:21.996994"], ["updated_at", "2020-10-21 15:57:21.996994"]]
  [1m[35m (1.0ms)[0m  [1m[36mcommit transaction[0m
  [1m[35m (0.1ms)[0m  [1m[36mbegin transaction[0m
  [1m[36mMovie Create (0.6ms)[0m  [1m[32mINSERT INTO "movies" ("name", "year", "genre", "synopsis", "director", "allocine_rating", "already_seen", "created_at", "updated_at") VALUES (?, ?, ?, ?, ?, ?, ?, ?, ?)[0m  [["name", "Some Like It Hot"], ["year", 1975], ["genre", "horreur"], ["synopsis", "Consequatur quia possimus quam optio cupiditate ratione voluptas rerum eos."], ["director", "Homer Witting"], ["allocine_rating", 1.1], ["already_seen", 0], ["created_at", "2020-10-21 15:57:22.004274"], ["updated_at", "2020-10-21 15:57:22.004274"]]
  [1m[35m (1.2ms)[0m  [1m[36mcommit transaction[0m
  [1m[35m (0.1ms)[0m  [1m[36mbegin transaction[0m
  [1m[36mMovie Create (0.6ms)[0m  [1m[32mINSERT INTO "movies" ("name", "year", "genre", "synopsis", "director", "allocine_rating", "already_seen", "created_at", "updated_at") VALUES (?, ?, ?, ?, ?, ?, ?, ?, ?)[0m  [["name", "Modern Times"], ["year", 2014], ["genre", "drame"], ["synopsis", "Libero asperiores velit quam occaecati aut a iure et est."], ["director", "Elmer Labadie"], ["allocine_rating", 2.7], ["already_seen", 0], ["created_at", "2020-10-21 15:57:22.013052"], ["updated_at", "2020-10-21 15:57:22.013052"]]
  [1m[35m (1.0ms)[0m  [1m[36mcommit transaction[0m
  [1m[35m (0.1ms)[0m  [1m[36mbegin transaction[0m
  [1m[36mMovie Create (0.5ms)[0m  [1m[32mINSERT INTO "movies" ("name", "year", "genre", "synopsis", "director", "allocine_rating", "already_seen", "created_at", "updated_at") VALUES (?, ?, ?, ?, ?, ?, ?, ?, ?)[0m  [["name", "The Kid"], ["year", 1916], ["genre", "horreur"], ["synopsis", "Sed et repudiandae voluptatem corporis illum laudantium nihil quasi non."], ["director", "The Hon. Freddy West"], ["allocine_rating", 4.5], ["already_seen", 0], ["created_at", "2020-10-21 15:57:22.022653"], ["updated_at", "2020-10-21 15:57:22.022653"]]
  [1m[35m (1.1ms)[0m  [1m[36mcommit transaction[0m
  [1m[35m (0.1ms)[0m  [1m[36mbegin transaction[0m
  [1m[36mMovie Create (0.6ms)[0m  [1m[32mINSERT INTO "movies" ("name", "year", "genre", "synopsis", "director", "allocine_rating", "already_seen", "created_at", "updated_at") VALUES (?, ?, ?, ?, ?, ?, ?, ?, ?)[0m  [["name", "The Dark Knight"], ["year", 2007], ["genre", "action"], ["synopsis", "Quo est quia et et excepturi est facere rem delectus."], ["director", "Cornelius Kunze"], ["allocine_rating", 2.4], ["already_seen", 0], ["created_at", "2020-10-21 15:57:22.033245"], ["updated_at", "2020-10-21 15:57:22.033245"]]
  [1m[35m (1.5ms)[0m  [1m[36mcommit transaction[0m
  [1m[35m (0.1ms)[0m  [1m[36mbegin transaction[0m
  [1m[36mMovie Create (0.4ms)[0m  [1m[32mINSERT INTO "movies" ("name", "year", "genre", "synopsis", "director", "allocine_rating", "already_seen", "created_at", "updated_at") VALUES (?, ?, ?, ?, ?, ?, ?, ?, ?)[0m  [["name", "Star Wars: Episode V - The Empire Strikes Back"], ["year", 2014], ["genre", "drame"], ["synopsis", "Dolor eaque molestiae eos corporis commodi excepturi perspiciatis suscipit sed."], ["director", "Williemae Kuhn"], ["allocine_rating", 0.7], ["already_seen", 0], ["created_at", "2020-10-21 15:57:22.043859"], ["updated_at", "2020-10-21 15:57:22.043859"]]
  [1m[35m (0.9ms)[0m  [1m[36mcommit transaction[0m
  [1m[35m (0.0ms)[0m  [1m[36mbegin transaction[0m
  [1m[36mMovie Create (0.6ms)[0m  [1m[32mINSERT INTO "movies" ("name", "year", "genre", "synopsis", "director", "allocine_rating", "already_seen", "created_at", "updated_at") VALUES (?, ?, ?, ?, ?, ?, ?, ?, ?)[0m  [["name", "Citizen Kane"], ["year", 1999], ["genre", "action"], ["synopsis", "Beatae est laudantium adipisci expedita doloremque et dolorum sed ut."], ["director", "Herbert Mayert IV"], ["allocine_rating", 3.4], ["already_seen", 0], ["created_at", "2020-10-21 15:57:22.050350"], ["updated_at", "2020-10-21 15:57:22.050350"]]
  [1m[35m (1.0ms)[0m  [1m[36mcommit transaction[0m
  [1m[35m (0.1ms)[0m  [1m[36mbegin transaction[0m
  [1m[36mMovie Create (0.4ms)[0m  [1m[32mINSERT INTO "movies" ("name", "year", "genre", "synopsis", "director", "allocine_rating", "already_seen", "created_at", "updated_at") VALUES (?, ?, ?, ?, ?, ?, ?, ?, ?)[0m  [["name", "The Shining"], ["year", 2012], ["genre", "horreur"], ["synopsis", "Impedit soluta sit aliquam culpa iure et et ut tenetur."], ["director", "Dan Harber"], ["allocine_rating", 2.5], ["already_seen", 0], ["created_at", "2020-10-21 15:57:22.060569"], ["updated_at", "2020-10-21 15:57:22.060569"]]
  [1m[35m (1.0ms)[0m  [1m[36mcommit transaction[0m
  [1m[35m (0.2ms)[0m  [1m[36mbegin transaction[0m
  [1m[36mMovie Create (0.8ms)[0m  [1m[32mINSERT INTO "movies" ("name", "year", "genre", "synopsis", "director", "allocine_rating", "already_seen", "created_at", "updated_at") VALUES (?, ?, ?, ?, ?, ?, ?, ?, ?)[0m  [["name", "Heat"], ["year", 1951], ["genre", "comédie"], ["synopsis", "Est beatae dolore adipisci quo natus voluptate rem voluptatibus at."], ["director", "Mckenzie Klocko"], ["allocine_rating", 3.5], ["already_seen", 0], ["created_at", "2020-10-21 15:57:22.068537"], ["updated_at", "2020-10-21 15:57:22.068537"]]
  [1m[35m (1.0ms)[0m  [1m[36mcommit transaction[0m
  [1m[35m (0.1ms)[0m  [1m[36mbegin transaction[0m
  [1m[36mMovie Create (0.5ms)[0m  [1m[32mINSERT INTO "movies" ("name", "year", "genre", "synopsis", "director", "allocine_rating", "already_seen", "created_at", "updated_at") VALUES (?, ?, ?, ?, ?, ?, ?, ?, ?)[0m  [["name", "The Third Man"], ["year", 1903], ["genre", "action"], ["synopsis", "Illum distinctio libero esse voluptatem id enim consequatur aliquam vero."], ["director", "Rafael Kirlin"], ["allocine_rating", 1.3], ["already_seen", 0], ["created_at", "2020-10-21 15:57:22.079506"], ["updated_at", "2020-10-21 15:57:22.079506"]]
  [1m[35m (1.4ms)[0m  [1m[36mcommit transaction[0m
  [1m[35m (0.1ms)[0m  [1m[36mbegin transaction[0m
  [1m[36mMovie Create (0.4ms)[0m  [1m[32mINSERT INTO "movies" ("name", "year", "genre", "synopsis", "director", "allocine_rating", "already_seen", "created_at", "updated_at") VALUES (?, ?, ?, ?, ?, ?, ?, ?, ?)[0m  [["name", "The Departed"], ["year", 1927], ["genre", "comédie"], ["synopsis", "Repellendus eaque voluptatum est laudantium tenetur aut eos voluptatem quis."], ["director", "Columbus Konopelski DO"], ["allocine_rating", 3.4], ["already_seen", 0], ["created_at", "2020-10-21 15:57:22.090759"], ["updated_at", "2020-10-21 15:57:22.090759"]]
  [1m[35m (0.9ms)[0m  [1m[36mcommit transaction[0m
  [1m[35m (0.1ms)[0m  [1m[36mbegin transaction[0m
  [1m[36mMovie Create (0.6ms)[0m  [1m[32mINSERT INTO "movies" ("name", "year", "genre", "synopsis", "director", "allocine_rating", "already_seen", "created_at", "updated_at") VALUES (?, ?, ?, ?, ?, ?, ?, ?, ?)[0m  [["name", "The Princess Bride"], ["year", 1950], ["genre", "comédie"], ["synopsis", "Nesciunt numquam tenetur laudantium aperiam voluptas placeat voluptate porro eaque."], ["director", "Monika Ullrich"], ["allocine_rating", 1.5], ["already_seen", 0], ["created_at", "2020-10-21 15:57:22.100269"], ["updated_at", "2020-10-21 15:57:22.100269"]]
  [1m[35m (1.2ms)[0m  [1m[36mcommit transaction[0m
  [1m[35m (0.1ms)[0m  [1m[36mbegin transaction[0m
  [1m[36mMovie Create (0.4ms)[0m  [1m[32mINSERT INTO "movies" ("name", "year", "genre", "synopsis", "director", "allocine_rating", "already_seen", "created_at", "updated_at") VALUES (?, ?, ?, ?, ?, ?, ?, ?, ?)[0m  [["name", "Grave of the Fireflies"], ["year", 2017], ["genre", "horreur"], ["synopsis", "Culpa aliquam quas qui nulla blanditiis facere mollitia aut sed."], ["director", "Sharon Feeney"], ["allocine_rating", 4.2], ["already_seen", 0], ["created_at", "2020-10-21 15:57:22.109363"], ["updated_at", "2020-10-21 15:57:22.109363"]]
  [1m[35m (0.9ms)[0m  [1m[36mcommit transaction[0m
  [1m[35m (0.1ms)[0m  [1m[36mbegin transaction[0m
  [1m[36mMovie Create (0.5ms)[0m  [1m[32mINSERT INTO "movies" ("name", "year", "genre", "synopsis", "director", "allocine_rating", "already_seen", "created_at", "updated_at") VALUES (?, ?, ?, ?, ?, ?, ?, ?, ?)[0m  [["name", "Star Wars: Episode II – Attack of the Clones"], ["year", 1923], ["genre", "drame"], ["synopsis", "Nisi consequuntur sit debitis corporis impedit incidunt non consequatur qui."], ["director", "Bernie Bernier"], ["allocine_rating", 1.9], ["already_seen", 0], ["created_at", "2020-10-21 15:57:22.116475"], ["updated_at", "2020-10-21 15:57:22.116475"]]
  [1m[35m (1.4ms)[0m  [1m[36mcommit transaction[0m
  [1m[35m (0.1ms)[0m  [1m[36mbegin transaction[0m
  [1m[36mMovie Create (0.4ms)[0m  [1m[32mINSERT INTO "movies" ("name", "year", "genre", "synopsis", "director", "allocine_rating", "already_seen", "created_at", "updated_at") VALUES (?, ?, ?, ?, ?, ?, ?, ?, ?)[0m  [["name", "Star Wars: Episode IV – A New Hope"], ["year", 1984], ["genre", "action"], ["synopsis", "Delectus et libero nihil voluptatem ducimus sed totam architecto ut."], ["director", "Thea Pfeffer"], ["allocine_rating", 0.4], ["already_seen", 0], ["created_at", "2020-10-21 15:57:22.125913"], ["updated_at", "2020-10-21 15:57:22.125913"]]
  [1m[35m (0.8ms)[0m  [1m[36mcommit transaction[0m
  [1m[35m (0.0ms)[0m  [1m[36mbegin transaction[0m
  [1m[36mMovie Create (0.4ms)[0m  [1m[32mINSERT INTO "movies" ("name", "year", "genre", "synopsis", "director", "allocine_rating", "already_seen", "created_at", "updated_at") VALUES (?, ?, ?, ?, ?, ?, ?, ?, ?)[0m  [["name", "Gladiator"], ["year", 1975], ["genre", "drame"], ["synopsis", "Eius adipisci velit est dolorum possimus dignissimos dolorem omnis ipsum."], ["director", "Edmund Marquardt"], ["allocine_rating", 3.3], ["already_seen", 0], ["created_at", "2020-10-21 15:57:22.132544"], ["updated_at", "2020-10-21 15:57:22.132544"]]
  [1m[35m (1.2ms)[0m  [1m[36mcommit transaction[0m
  [1m[35m (0.1ms)[0m  [1m[36mbegin transaction[0m
  [1m[36mMovie Create (0.4ms)[0m  [1m[32mINSERT INTO "movies" ("name", "year", "genre", "synopsis", "director", "allocine_rating", "already_seen", "created_at", "updated_at") VALUES (?, ?, ?, ?, ?, ?, ?, ?, ?)[0m  [["name", "Cidade de Deus"], ["year", 1997], ["genre", "drame"], ["synopsis", "Exercitationem assumenda est et numquam perferendis eos aut similique voluptatem."], ["director", "Sung Heidenreich DVM"], ["allocine_rating", 3.9], ["already_seen", 0], ["created_at", "2020-10-21 15:57:22.141314"], ["updated_at", "2020-10-21 15:57:22.141314"]]
  [1m[35m (0.8ms)[0m  [1m[36mcommit transaction[0m
  [1m[35m (0.0ms)[0m  [1m[36mbegin transaction[0m
  [1m[36mMovie Create (0.4ms)[0m  [1m[32mINSERT INTO "movies" ("name", "year", "genre", "synopsis", "director", "allocine_rating", "already_seen", "created_at", "updated_at") VALUES (?, ?, ?, ?, ?, ?, ?, ?, ?)[0m  [["name", "Groundhog Day"], ["year", 1984], ["genre", "action"], ["synopsis", "Quae beatae debitis velit qui quisquam alias maxime et totam."], ["director", "Rusty Walker"], ["allocine_rating", 1.8], ["already_seen", 0], ["created_at", "2020-10-21 15:57:22.147868"], ["updated_at", "2020-10-21 15:57:22.147868"]]
  [1m[35m (0.9ms)[0m  [1m[36mcommit transaction[0m
  [1m[35m (0.1ms)[0m  [1m[36mbegin transaction[0m
  [1m[36mMovie Create (0.4ms)[0m  [1m[32mINSERT INTO "movies" ("name", "year", "genre", "synopsis", "director", "allocine_rating", "already_seen", "created_at", "updated_at") VALUES (?, ?, ?, ?, ?, ?, ?, ?, ?)[0m  [["name", "The Best Years of Our Lives"], ["year", 1910], ["genre", "drame"], ["synopsis", "Fuga iste quia quo aut aut quisquam atque sint quis."], ["director", "Weston Konopelski"], ["allocine_rating", 1.3], ["already_seen", 0], ["created_at", "2020-10-21 15:57:22.155578"], ["updated_at", "2020-10-21 15:57:22.155578"]]
  [1m[35m (1.0ms)[0m  [1m[36mcommit transaction[0m
  [1m[35m (0.1ms)[0m  [1m[36mbegin transaction[0m
  [1m[36mMovie Create (0.4ms)[0m  [1m[32mINSERT INTO "movies" ("name", "year", "genre", "synopsis", "director", "allocine_rating", "already_seen", "created_at", "updated_at") VALUES (?, ?, ?, ?, ?, ?, ?, ?, ?)[0m  [["name", "The Terminator"], ["year", 1958], ["genre", "horreur"], ["synopsis", "Perferendis est quod sit a saepe vitae et et ut."], ["director", "Hanh Cronin"], ["allocine_rating", 3.6], ["already_seen", 0], ["created_at", "2020-10-21 15:57:22.162952"], ["updated_at", "2020-10-21 15:57:22.162952"]]
  [1m[35m (0.7ms)[0m  [1m[36mcommit transaction[0m
  [1m[35m (0.1ms)[0m  [1m[36mbegin transaction[0m
  [1m[36mMovie Create (0.6ms)[0m  [1m[32mINSERT INTO "movies" ("name", "year", "genre", "synopsis", "director", "allocine_rating", "already_seen", "created_at", "updated_at") VALUES (?, ?, ?, ?, ?, ?, ?, ?, ?)[0m  [["name", "The Thing"], ["year", 1910], ["genre", "horreur"], ["synopsis", "Amet et accusantium totam enim aliquam harum omnis vero blanditiis."], ["director", "Pearly Weimann"], ["allocine_rating", 4.1], ["already_seen", 0], ["created_at", "2020-10-21 15:57:22.171664"], ["updated_at", "2020-10-21 15:57:22.171664"]]
  [1m[35m (0.8ms)[0m  [1m[36mcommit transaction[0m
  [1m[35m (0.0ms)[0m  [1m[36mbegin transaction[0m
  [1m[36mMovie Create (0.4ms)[0m  [1m[32mINSERT INTO "movies" ("name", "year", "genre", "synopsis", "director", "allocine_rating", "already_seen", "created_at", "updated_at") VALUES (?, ?, ?, ?, ?, ?, ?, ?, ?)[0m  [["name", "Inside Out"], ["year", 1931], ["genre", "horreur"], ["synopsis", "Consequuntur perspiciatis officiis magnam sed inventore libero maxime quae non."], ["director", "Ms. Emerald Durgan"], ["allocine_rating", 0.4], ["already_seen", 0], ["created_at", "2020-10-21 15:57:22.180826"], ["updated_at", "2020-10-21 15:57:22.180826"]]
  [1m[35m (1.0ms)[0m  [1m[36mcommit transaction[0m
  [1m[35m (0.1ms)[0m  [1m[36mbegin transaction[0m
  [1m[36mMovie Create (0.5ms)[0m  [1m[32mINSERT INTO "movies" ("name", "year", "genre", "synopsis", "director", "allocine_rating", "already_seen", "created_at", "updated_at") VALUES (?, ?, ?, ?, ?, ?, ?, ?, ?)[0m  [["name", "The Kid"], ["year", 1974], ["genre", "action"], ["synopsis", "Deserunt reiciendis non aspernatur minus consequatur enim iure et eaque."], ["director", "Frank Hickle"], ["allocine_rating", 3.2], ["already_seen", 0], ["created_at", "2020-10-21 15:57:22.188985"], ["updated_at", "2020-10-21 15:57:22.188985"]]
  [1m[35m (0.9ms)[0m  [1m[36mcommit transaction[0m
  [1m[35m (0.1ms)[0m  [1m[36mbegin transaction[0m
  [1m[36mMovie Create (0.4ms)[0m  [1m[32mINSERT INTO "movies" ("name", "year", "genre", "synopsis", "director", "allocine_rating", "already_seen", "created_at", "updated_at") VALUES (?, ?, ?, ?, ?, ?, ?, ?, ?)[0m  [["name", "Inception"], ["year", 2018], ["genre", "horreur"], ["synopsis", "Nam ducimus dolorem esse quibusdam ex ea ea fugiat repellendus."], ["director", "Dan Pouros Sr."], ["allocine_rating", 3.9], ["already_seen", 0], ["created_at", "2020-10-21 15:57:22.196812"], ["updated_at", "2020-10-21 15:57:22.196812"]]
  [1m[35m (1.1ms)[0m  [1m[36mcommit transaction[0m
  [1m[35m (0.1ms)[0m  [1m[36mbegin transaction[0m
  [1m[36mMovie Create (0.6ms)[0m  [1m[32mINSERT INTO "movies" ("name", "year", "genre", "synopsis", "director", "allocine_rating", "already_seen", "created_at", "updated_at") VALUES (?, ?, ?, ?, ?, ?, ?, ?, ?)[0m  [["name", "Psycho"], ["year", 1940], ["genre", "drame"], ["synopsis", "Dolore quod unde inventore dolor distinctio autem voluptate ea quo."], ["director", "Esteban Cartwright"], ["allocine_rating", 2.6], ["already_seen", 0], ["created_at", "2020-10-21 15:57:22.203864"], ["updated_at", "2020-10-21 15:57:22.203864"]]
  [1m[35m (1.4ms)[0m  [1m[36mcommit transaction[0m
  [1m[35m (0.1ms)[0m  [1m[36mbegin transaction[0m
  [1m[36mMovie Create (0.4ms)[0m  [1m[32mINSERT INTO "movies" ("name", "year", "genre", "synopsis", "director", "allocine_rating", "already_seen", "created_at", "updated_at") VALUES (?, ?, ?, ?, ?, ?, ?, ?, ?)[0m  [["name", "Network"], ["year", 1983], ["genre", "comédie"], ["synopsis", "Officiis incidunt reiciendis aliquid beatae necessitatibus consectetur quod illo distinctio."], ["director", "Ms. Verena Spencer"], ["allocine_rating", 3.7], ["already_seen", 0], ["created_at", "2020-10-21 15:57:22.212467"], ["updated_at", "2020-10-21 15:57:22.212467"]]
  [1m[35m (1.1ms)[0m  [1m[36mcommit transaction[0m
  [1m[35m (0.1ms)[0m  [1m[36mbegin transaction[0m
  [1m[36mMovie Create (0.4ms)[0m  [1m[32mINSERT INTO "movies" ("name", "year", "genre", "synopsis", "director", "allocine_rating", "already_seen", "created_at", "updated_at") VALUES (?, ?, ?, ?, ?, ?, ?, ?, ?)[0m  [["name", "The Usual Suspects"], ["year", 1932], ["genre", "drame"], ["synopsis", "Quos vitae tempore minus esse harum ad nihil temporibus aut."], ["director", "Meredith Collins"], ["allocine_rating", 0.1], ["already_seen", 0], ["created_at", "2020-10-21 15:57:22.221048"], ["updated_at", "2020-10-21 15:57:22.221048"]]
  [1m[35m (1.0ms)[0m  [1m[36mcommit transaction[0m
  [1m[35m (0.1ms)[0m  [1m[36mbegin transaction[0m
  [1m[36mMovie Create (0.6ms)[0m  [1m[32mINSERT INTO "movies" ("name", "year", "genre", "synopsis", "director", "allocine_rating", "already_seen", "created_at", "updated_at") VALUES (?, ?, ?, ?, ?, ?, ?, ?, ?)[0m  [["name", "Spirited Away"], ["year", 2013], ["genre", "drame"], ["synopsis", "Eligendi rerum repellat blanditiis odio omnis adipisci magni quaerat illum."], ["director", "Prof. Walker Bednar"], ["allocine_rating", 4.3], ["already_seen", 0], ["created_at", "2020-10-21 15:57:22.234140"], ["updated_at", "2020-10-21 15:57:22.234140"]]
  [1m[35m (0.9ms)[0m  [1m[36mcommit transaction[0m
  [1m[35m (0.1ms)[0m  [1m[36mbegin transaction[0m
  [1m[36mMovie Create (0.4ms)[0m  [1m[32mINSERT INTO "movies" ("name", "year", "genre", "synopsis", "director", "allocine_rating", "already_seen", "created_at", "updated_at") VALUES (?, ?, ?, ?, ?, ?, ?, ?, ?)[0m  [["name", "La La Land"], ["year", 1972], ["genre", "horreur"], ["synopsis", "Unde consequuntur vel quisquam facere laboriosam ut velit et sunt."], ["director", "Elba Ryan"], ["allocine_rating", 1.4], ["already_seen", 0], ["created_at", "2020-10-21 15:57:22.243920"], ["updated_at", "2020-10-21 15:57:22.243920"]]
  [1m[35m (0.9ms)[0m  [1m[36mcommit transaction[0m
  [1m[35m (0.2ms)[0m  [1m[36mbegin transaction[0m
  [1m[36mMovie Create (0.6ms)[0m  [1m[32mINSERT INTO "movies" ("name", "year", "genre", "synopsis", "director", "allocine_rating", "already_seen", "created_at", "updated_at") VALUES (?, ?, ?, ?, ?, ?, ?, ?, ?)[0m  [["name", "North by Northwest"], ["year", 2006], ["genre", "drame"], ["synopsis", "Est aut ut tempora ullam nesciunt veniam qui minus aspernatur."], ["director", "Jacquelyn Baumbach"], ["allocine_rating", 1.3], ["already_seen", 0], ["created_at", "2020-10-21 15:57:22.252018"], ["updated_at", "2020-10-21 15:57:22.252018"]]
  [1m[35m (1.0ms)[0m  [1m[36mcommit transaction[0m
  [1m[35m (0.1ms)[0m  [1m[36mbegin transaction[0m
  [1m[36mMovie Create (0.5ms)[0m  [1m[32mINSERT INTO "movies" ("name", "year", "genre", "synopsis", "director", "allocine_rating", "already_seen", "created_at", "updated_at") VALUES (?, ?, ?, ?, ?, ?, ?, ?, ?)[0m  [["name", "Star Wars: Episode IV – A New Hope"], ["year", 1916], ["genre", "comédie"], ["synopsis", "Sequi et error odit repellendus adipisci tempora nam sapiente quod."], ["director", "Jefferson Rowe"], ["allocine_rating", 2.0], ["already_seen", 0], ["created_at", "2020-10-21 15:57:22.261872"], ["updated_at", "2020-10-21 15:57:22.261872"]]
  [1m[35m (1.1ms)[0m  [1m[36mcommit transaction[0m
  [1m[35m (0.1ms)[0m  [1m[36mbegin transaction[0m
  [1m[36mMovie Create (0.6ms)[0m  [1m[32mINSERT INTO "movies" ("name", "year", "genre", "synopsis", "director", "allocine_rating", "already_seen", "created_at", "updated_at") VALUES (?, ?, ?, ?, ?, ?, ?, ?, ?)[0m  [["name", "Metropolis"], ["year", 1945], ["genre", "drame"], ["synopsis", "Explicabo ut similique enim sed perspiciatis magnam eaque beatae est."], ["director", "Ardelia Ruecker II"], ["allocine_rating", 4.0], ["already_seen", 0], ["created_at", "2020-10-21 15:57:22.272439"], ["updated_at", "2020-10-21 15:57:22.272439"]]
  [1m[35m (1.1ms)[0m  [1m[36mcommit transaction[0m
  [1m[35m (0.1ms)[0m  [1m[36mbegin transaction[0m
  [1m[36mMovie Create (0.9ms)[0m  [1m[32mINSERT INTO "movies" ("name", "year", "genre", "synopsis", "director", "allocine_rating", "already_seen", "created_at", "updated_at") VALUES (?, ?, ?, ?, ?, ?, ?, ?, ?)[0m  [["name", "Metropolis"], ["year", 1955], ["genre", "horreur"], ["synopsis", "Explicabo doloribus placeat temporibus consectetur voluptatem dolor omnis et eum."], ["director", "Shanti Collins"], ["allocine_rating", 1.2], ["already_seen", 0], ["created_at", "2020-10-21 15:57:22.282561"], ["updated_at", "2020-10-21 15:57:22.282561"]]
  [1m[35m (1.2ms)[0m  [1m[36mcommit transaction[0m
  [1m[35m (0.1ms)[0m  [1m[36mbegin transaction[0m
  [1m[36mMovie Create (0.6ms)[0m  [1m[32mINSERT INTO "movies" ("name", "year", "genre", "synopsis", "director", "allocine_rating", "already_seen", "created_at", "updated_at") VALUES (?, ?, ?, ?, ?, ?, ?, ?, ?)[0m  [["name", "Casino"], ["year", 1913], ["genre", "action"], ["synopsis", "Voluptatum non rerum et reiciendis repellat voluptate quis voluptas qui."], ["director", "Irwin Schaefer"], ["allocine_rating", 0.9], ["already_seen", 0], ["created_at", "2020-10-21 15:57:22.293641"], ["updated_at", "2020-10-21 15:57:22.293641"]]
  [1m[35m (1.0ms)[0m  [1m[36mcommit transaction[0m
  [1m[35m (0.1ms)[0m  [1m[36mbegin transaction[0m
  [1m[36mMovie Create (0.4ms)[0m  [1m[32mINSERT INTO "movies" ("name", "year", "genre", "synopsis", "director", "allocine_rating", "already_seen", "created_at", "updated_at") VALUES (?, ?, ?, ?, ?, ?, ?, ?, ?)[0m  [["name", "Oldboy"], ["year", 1955], ["genre", "action"], ["synopsis", "Exercitationem odit et vero molestias quia in velit similique eveniet."], ["director", "Rev. Yoshiko Hayes"], ["allocine_rating", 1.8], ["already_seen", 0], ["created_at", "2020-10-21 15:57:22.303650"], ["updated_at", "2020-10-21 15:57:22.303650"]]
  [1m[35m (1.1ms)[0m  [1m[36mcommit transaction[0m
  [1m[35m (0.0ms)[0m  [1m[36mbegin transaction[0m
  [1m[36mMovie Create (0.4ms)[0m  [1m[32mINSERT INTO "movies" ("name", "year", "genre", "synopsis", "director", "allocine_rating", "already_seen", "created_at", "updated_at") VALUES (?, ?, ?, ?, ?, ?, ?, ?, ?)[0m  [["name", "Hotel Rwanda"], ["year", 1956], ["genre", "horreur"], ["synopsis", "Est voluptas numquam sit rem iusto ut magni perspiciatis dolor."], ["director", "Shaun Hammes"], ["allocine_rating", 4.1], ["already_seen", 0], ["created_at", "2020-10-21 15:57:22.310885"], ["updated_at", "2020-10-21 15:57:22.310885"]]
  [1m[35m (1.0ms)[0m  [1m[36mcommit transaction[0m
  [1m[35m (0.1ms)[0m  [1m[36mbegin transaction[0m
  [1m[36mMovie Create (0.8ms)[0m  [1m[32mINSERT INTO "movies" ("name", "year", "genre", "synopsis", "director", "allocine_rating", "already_seen", "created_at", "updated_at") VALUES (?, ?, ?, ?, ?, ?, ?, ?, ?)[0m  [["name", "The Godfather"], ["year", 1986], ["genre", "horreur"], ["synopsis", "Commodi error et facere cumque animi et deserunt qui et."], ["director", "Randolph Hermann"], ["allocine_rating", 1.5], ["already_seen", 0], ["created_at", "2020-10-21 15:57:22.318279"], ["updated_at", "2020-10-21 15:57:22.318279"]]
  [1m[35m (0.9ms)[0m  [1m[36mcommit transaction[0m
  [1m[35m (0.1ms)[0m  [1m[36mbegin transaction[0m
  [1m[36mMovie Create (0.5ms)[0m  [1m[32mINSERT INTO "movies" ("name", "year", "genre", "synopsis", "director", "allocine_rating", "already_seen", "created_at", "updated_at") VALUES (?, ?, ?, ?, ?, ?, ?, ?, ?)[0m  [["name", "The Sting"], ["year", 2002], ["genre", "drame"], ["synopsis", "Et fuga eum voluptas incidunt ratione expedita iusto rem nam."], ["director", "Brett Howe III"], ["allocine_rating", 4.1], ["already_seen", 0], ["created_at", "2020-10-21 15:57:22.327004"], ["updated_at", "2020-10-21 15:57:22.327004"]]
  [1m[35m (0.9ms)[0m  [1m[36mcommit transaction[0m
  [1m[35m (0.1ms)[0m  [1m[36mbegin transaction[0m
  [1m[36mMovie Create (0.6ms)[0m  [1m[32mINSERT INTO "movies" ("name", "year", "genre", "synopsis", "director", "allocine_rating", "already_seen", "created_at", "updated_at") VALUES (?, ?, ?, ?, ?, ?, ?, ?, ?)[0m  [["name", "Star Wars: Episode IX – The Rise of Skywalker"], ["year", 1965], ["genre", "drame"], ["synopsis", "Recusandae itaque vero nostrum iste accusantium sunt reprehenderit qui enim."], ["director", "The Hon. Le Murazik"], ["allocine_rating", 1.8], ["already_seen", 0], ["created_at", "2020-10-21 15:57:22.336245"], ["updated_at", "2020-10-21 15:57:22.336245"]]
  [1m[35m (1.2ms)[0m  [1m[36mcommit transaction[0m
  [1m[35m (0.1ms)[0m  [1m[36mbegin transaction[0m
  [1m[36mMovie Create (0.4ms)[0m  [1m[32mINSERT INTO "movies" ("name", "year", "genre", "synopsis", "director", "allocine_rating", "already_seen", "created_at", "updated_at") VALUES (?, ?, ?, ?, ?, ?, ?, ?, ?)[0m  [["name", "It Happened One Night"], ["year", 1924], ["genre", "action"], ["synopsis", "Dignissimos et tenetur debitis eveniet ratione accusantium amet nostrum ex."], ["director", "Eliana Rempel"], ["allocine_rating", 4.2], ["already_seen", 0], ["created_at", "2020-10-21 15:57:22.345929"], ["updated_at", "2020-10-21 15:57:22.345929"]]
  [1m[35m (0.9ms)[0m  [1m[36mcommit transaction[0m
  [1m[35m (0.1ms)[0m  [1m[36mbegin transaction[0m
  [1m[36mMovie Create (0.6ms)[0m  [1m[32mINSERT INTO "movies" ("name", "year", "genre", "synopsis", "director", "allocine_rating", "already_seen", "created_at", "updated_at") VALUES (?, ?, ?, ?, ?, ?, ?, ?, ?)[0m  [["name", "Toy Story 2"], ["year", 1937], ["genre", "action"], ["synopsis", "Exercitationem repudiandae vel voluptatibus nostrum sed ut animi ullam facere."], ["director", "Johnny Bernhard"], ["allocine_rating", 1.7], ["already_seen", 0], ["created_at", "2020-10-21 15:57:22.352991"], ["updated_at", "2020-10-21 15:57:22.352991"]]
  [1m[35m (1.1ms)[0m  [1m[36mcommit transaction[0m
  [1m[35m (0.1ms)[0m  [1m[36mbegin transaction[0m
  [1m[36mMovie Create (0.4ms)[0m  [1m[32mINSERT INTO "movies" ("name", "year", "genre", "synopsis", "director", "allocine_rating", "already_seen", "created_at", "updated_at") VALUES (?, ?, ?, ?, ?, ?, ?, ?, ?)[0m  [["name", "North by Northwest"], ["year", 1955], ["genre", "action"], ["synopsis", "Dolore ullam sunt soluta officiis at nemo animi quia est."], ["director", "Nikita Hane DVM"], ["allocine_rating", 3.5], ["already_seen", 0], ["created_at", "2020-10-21 15:57:22.361291"], ["updated_at", "2020-10-21 15:57:22.361291"]]
  [1m[35m (0.9ms)[0m  [1m[36mcommit transaction[0m
  [1m[35m (0.1ms)[0m  [1m[36mbegin transaction[0m
  [1m[36mMovie Create (1.1ms)[0m  [1m[32mINSERT INTO "movies" ("name", "year", "genre", "synopsis", "director", "allocine_rating", "already_seen", "created_at", "updated_at") VALUES (?, ?, ?, ?, ?, ?, ?, ?, ?)[0m  [["name", "Donnie Darko"], ["year", 2014], ["genre", "comédie"], ["synopsis", "Officiis praesentium reiciendis assumenda voluptatem sequi autem id doloremque consequatur."], ["director", "Jarod Dooley"], ["allocine_rating", 1.9], ["already_seen", 0], ["created_at", "2020-10-21 15:57:22.367842"], ["updated_at", "2020-10-21 15:57:22.367842"]]
  [1m[35m (1.3ms)[0m  [1m[36mcommit transaction[0m
  [1m[35m (0.1ms)[0m  [1m[36mbegin transaction[0m
  [1m[36mMovie Create (0.4ms)[0m  [1m[32mINSERT INTO "movies" ("name", "year", "genre", "synopsis", "director", "allocine_rating", "already_seen", "created_at", "updated_at") VALUES (?, ?, ?, ?, ?, ?, ?, ?, ?)[0m  [["name", "Star Wars: Episode II – Attack of the Clones"], ["year", 1918], ["genre", "drame"], ["synopsis", "Incidunt sint amet et maxime at vero ea eum dolores."], ["director", "Emory Mann"], ["allocine_rating", 1.6], ["already_seen", 0], ["created_at", "2020-10-21 15:57:22.376457"], ["updated_at", "2020-10-21 15:57:22.376457"]]
  [1m[35m (0.8ms)[0m  [1m[36mcommit transaction[0m
  [1m[35m (0.1ms)[0m  [1m[36mbegin transaction[0m
  [1m[36mMovie Create (0.6ms)[0m  [1m[32mINSERT INTO "movies" ("name", "year", "genre", "synopsis", "director", "allocine_rating", "already_seen", "created_at", "updated_at") VALUES (?, ?, ?, ?, ?, ?, ?, ?, ?)[0m  [["name", "Princess Mononoke"], ["year", 1937], ["genre", "comédie"], ["synopsis", "In magni fuga voluptas aut facere ipsam qui laboriosam sed."], ["director", "Tana Stamm"], ["allocine_rating", 4.2], ["already_seen", 0], ["created_at", "2020-10-21 15:57:22.382863"], ["updated_at", "2020-10-21 15:57:22.382863"]]
  [1m[35m (1.3ms)[0m  [1m[36mcommit transaction[0m
  [1m[35m (0.1ms)[0m  [1m[36mbegin transaction[0m
  [1m[36mMovie Create (0.4ms)[0m  [1m[32mINSERT INTO "movies" ("name", "year", "genre", "synopsis", "director", "allocine_rating", "already_seen", "created_at", "updated_at") VALUES (?, ?, ?, ?, ?, ?, ?, ?, ?)[0m  [["name", "Oldeuboi"], ["year", 1997], ["genre", "drame"], ["synopsis", "Autem rerum odit quia officiis deleniti ea autem impedit maiores."], ["director", "Donnell Schaden MD"], ["allocine_rating", 5.0], ["already_seen", 0], ["created_at", "2020-10-21 15:57:22.391906"], ["updated_at", "2020-10-21 15:57:22.391906"]]
  [1m[35m (0.9ms)[0m  [1m[36mcommit transaction[0m
  [1m[35m (0.0ms)[0m  [1m[36mbegin transaction[0m
  [1m[36mMovie Create (0.4ms)[0m  [1m[32mINSERT INTO "movies" ("name", "year", "genre", "synopsis", "director", "allocine_rating", "already_seen", "created_at", "updated_at") VALUES (?, ?, ?, ?, ?, ?, ?, ?, ?)[0m  [["name", "In the Name of the Father"], ["year", 1978], ["genre", "drame"], ["synopsis", "Tempore qui at sapiente eos ut cum corporis impedit deserunt."], ["director", "Raymond Zboncak"], ["allocine_rating", 0.5], ["already_seen", 0], ["created_at", "2020-10-21 15:57:22.398813"], ["updated_at", "2020-10-21 15:57:22.398813"]]
  [1m[35m (1.0ms)[0m  [1m[36mcommit transaction[0m
  [1m[35m (0.1ms)[0m  [1m[36mbegin transaction[0m
  [1m[36mMovie Create (0.4ms)[0m  [1m[32mINSERT INTO "movies" ("name", "year", "genre", "synopsis", "director", "allocine_rating", "already_seen", "created_at", "updated_at") VALUES (?, ?, ?, ?, ?, ?, ?, ?, ?)[0m  [["name", "Casino"], ["year", 1973], ["genre", "action"], ["synopsis", "Modi provident et qui quae ullam pariatur voluptas aut eius."], ["director", "Lane Rutherford"], ["allocine_rating", 5.0], ["already_seen", 0], ["created_at", "2020-10-21 15:57:22.406870"], ["updated_at", "2020-10-21 15:57:22.406870"]]
  [1m[35m (0.8ms)[0m  [1m[36mcommit transaction[0m
  [1m[35m (0.1ms)[0m  [1m[36mbegin transaction[0m
  [1m[36mMovie Create (0.6ms)[0m  [1m[32mINSERT INTO "movies" ("name", "year", "genre", "synopsis", "director", "allocine_rating", "already_seen", "created_at", "updated_at") VALUES (?, ?, ?, ?, ?, ?, ?, ?, ?)[0m  [["name", "Sunset Blvd."], ["year", 1978], ["genre", "comédie"], ["synopsis", "Ut voluptas occaecati aliquam aperiam iste et nobis amet corporis."], ["director", "Reid Herman"], ["allocine_rating", 4.3], ["already_seen", 0], ["created_at", "2020-10-21 15:57:22.417377"], ["updated_at", "2020-10-21 15:57:22.417377"]]
  [1m[35m (1.0ms)[0m  [1m[36mcommit transaction[0m
  [1m[35m (0.1ms)[0m  [1m[36mbegin transaction[0m
  [1m[36mMovie Create (0.4ms)[0m  [1m[32mINSERT INTO "movies" ("name", "year", "genre", "synopsis", "director", "allocine_rating", "already_seen", "created_at", "updated_at") VALUES (?, ?, ?, ?, ?, ?, ?, ?, ?)[0m  [["name", "Once Upon a Time in the West"], ["year", 1920], ["genre", "drame"], ["synopsis", "Nihil illo vitae et voluptatem eos et eos soluta repellendus."], ["director", "Alica Roob Sr."], ["allocine_rating", 1.0], ["already_seen", 0], ["created_at", "2020-10-21 15:57:22.427581"], ["updated_at", "2020-10-21 15:57:22.427581"]]
  [1m[35m (0.8ms)[0m  [1m[36mcommit transaction[0m
  [1m[35m (0.6ms)[0m  [1m[34mSELECT sqlite_version(*)[0m
  [1m[36mMovie Load (1.0ms)[0m  [1m[34mSELECT "movies".* FROM "movies"[0m
  [1m[36mMovie Load (1.0ms)[0m  [1m[34mSELECT "movies".* FROM "movies"[0m
  [1m[36mMovie Load (0.4ms)[0m  [1m[34mSELECT "movies".* FROM "movies" WHERE "movies"."id" = ? LIMIT ?[0m  [["id", 13], ["LIMIT", 1]]
  [1m[35m (0.1ms)[0m  [1m[36mbegin transaction[0m
  [1m[36mMovie Update (0.9ms)[0m  [1m[33mUPDATE "movies" SET "already_seen" = ?, "my_rating" = ?, "updated_at" = ? WHERE "movies"."id" = ?[0m  [["already_seen", 1], ["my_rating", 5], ["updated_at", "2020-10-21 16:03:48.514092"], ["id", 13]]
  [1m[35m (2.3ms)[0m  [1m[36mcommit transaction[0m
  [1m[36mMovie Load (1.8ms)[0m  [1m[34mSELECT "movies".* FROM "movies"[0m
  [1m[36mMovie Load (0.3ms)[0m  [1m[34mSELECT "movies".* FROM "movies" WHERE "movies"."name" = ? LIMIT ?[0m  [["name", "Toy Story 2"], ["LIMIT", 1]]
  [1m[35m (0.1ms)[0m  [1m[36mbegin transaction[0m
  [1m[36mMovie Update (0.8ms)[0m  [1m[33mUPDATE "movies" SET "already_seen" = ?, "my_rating" = ?, "updated_at" = ? WHERE "movies"."id" = ?[0m  [["already_seen", 1], ["my_rating", 5], ["updated_at", "2020-10-21 16:05:30.906532"], ["id", 95]]
  [1m[35m (2.1ms)[0m  [1m[36mcommit transaction[0m
  [1m[36mMovie Load (0.9ms)[0m  [1m[34mSELECT "movies".* FROM "movies"[0m
